app/build/intermediates/manifest_merge_blame_file/debug/manifest-merger-blame-debug-report.txt
1<?xml version="1.0" encoding="utf-8"?>
2<manifest xmlns:android="http://schemas.android.com/apk/res/android"
3    package="com.example.mydairy"
4    android:versionCode="1"
5    android:versionName="1.0" >
6
7    <uses-sdk
8        android:minSdkVersion="23"
8-->src\main\AndroidManifest.xml
9        android:targetSdkVersion="30" />
9-->src\main\AndroidManifest.xml
10
11    <uses-permission android:name="android.permission.INTERNET" />
11-->src\main\AndroidManifest.xml:6:5-67
11-->src\main\AndroidManifest.xml:6:22-64
12    <uses-permission android:name="android.permission.ACCESS_NETWORK_STATE" />
12-->[com.google.firebase:firebase-auth:21.0.1] AndroidManifest.xml:24:5-79
12-->[com.google.firebase:firebase-auth:21.0.1] AndroidManifest.xml:24:22-76
13    <uses-permission android:name="android.permission.WAKE_LOCK" />
13-->[com.google.android.gms:play-services-measurement-api:19.0.0] AndroidManifest.xml:24:5-68
13-->[com.google.android.gms:play-services-measurement-api:19.0.0] AndroidManifest.xml:24:22-65
14    <uses-permission android:name="com.google.android.finsky.permission.BIND_GET_INSTALL_REFERRER_SERVICE" />
14-->[com.google.android.gms:play-services-measurement:19.0.0] AndroidManifest.xml:26:5-110
14-->[com.google.android.gms:play-services-measurement:19.0.0] AndroidManifest.xml:26:22-107
15
16    <application
16-->src\main\AndroidManifest.xml:8:5-68:19
17        android:appComponentFactory="androidx.core.app.CoreComponentFactory"
17-->[androidx.core:core:1.5.0] AndroidManifest.xml:24:18-86
18        android:debuggable="true"
19        android:extractNativeLibs="false"
20        android:icon="@mipmap/ic_launcher"
20-->src\main\AndroidManifest.xml:9:9-43
21        android:label="@string/app_name"
21-->src\main\AndroidManifest.xml:10:9-41
22        android:roundIcon="@mipmap/ic_launcher_round"
22-->src\main\AndroidManifest.xml:11:9-54
23        android:supportsRtl="true"
23-->src\main\AndroidManifest.xml:12:9-35
24        android:testOnly="true"
25        android:theme="@style/Theme.Design.Light.NoActionBar" >
25-->src\main\AndroidManifest.xml:13:9-62
26        <activity android:name="com.example.mydairy.specific.ReportGassCharo" />
26-->src\main\AndroidManifest.xml:15:9-71
26-->src\main\AndroidManifest.xml:15:19-59
27        <activity android:name="com.example.mydairy.specific.ReportDanKhan" />
27-->src\main\AndroidManifest.xml:16:9-60
27-->src\main\AndroidManifest.xml:16:19-57
28        <activity android:name="com.example.mydairy.adapter.ReportAdapter" />
28-->src\main\AndroidManifest.xml:17:9-59
28-->src\main\AndroidManifest.xml:17:19-56
29        <activity android:name="com.example.mydairy.specific.ReportMilkBill" />
29-->src\main\AndroidManifest.xml:18:9-61
29-->src\main\AndroidManifest.xml:18:19-58
30        <activity android:name="com.example.mydairy.specific.GraphAmt" />
30-->src\main\AndroidManifest.xml:19:9-55
30-->src\main\AndroidManifest.xml:19:19-52
31        <activity android:name="com.example.mydairy.specific.GraphQty" />
31-->src\main\AndroidManifest.xml:20:9-55
31-->src\main\AndroidManifest.xml:20:19-52
32        <activity android:name="com.example.mydairy.entry.LabourEntryActivity" />
32-->src\main\AndroidManifest.xml:21:9-63
32-->src\main\AndroidManifest.xml:21:19-60
33        <activity android:name="com.example.mydairy.entry.GassCharoEntryActivity" />
33-->src\main\AndroidManifest.xml:22:9-66
33-->src\main\AndroidManifest.xml:22:19-63
34        <activity android:name="com.example.mydairy.entry.ROIEntryActivity" />
34-->src\main\AndroidManifest.xml:23:9-60
34-->src\main\AndroidManifest.xml:23:19-57
35        <activity android:name="com.example.mydairy.entry.MiscellaneousEntryActivity" />
35-->src\main\AndroidManifest.xml:24:9-70
35-->src\main\AndroidManifest.xml:24:19-67
36        <activity android:name="com.example.mydairy.entry.DanKhanEntryActivity" />
36-->src\main\AndroidManifest.xml:25:9-64
36-->src\main\AndroidManifest.xml:25:19-61
37        <activity android:name="com.example.mydairy.entry.DavaDaruEntryActivity" />
37-->src\main\AndroidManifest.xml:26:9-65
37-->src\main\AndroidManifest.xml:26:19-62
38        <activity android:name="com.example.mydairy.entry.DevInvActivity" />
38-->src\main\AndroidManifest.xml:27:9-58
38-->src\main\AndroidManifest.xml:27:19-55
39        <activity android:name="com.example.mydairy.entry.EntryDashboardActivity" />
39-->src\main\AndroidManifest.xml:28:9-66
39-->src\main\AndroidManifest.xml:28:19-63
40        <activity android:name="com.example.mydairy.entry.DailyEntryActivity" />
40-->src\main\AndroidManifest.xml:29:9-62
40-->src\main\AndroidManifest.xml:29:19-59
41        <activity
41-->src\main\AndroidManifest.xml:30:9-33:56
42            android:name="com.example.mydairy.Details.UserDetails"
42-->src\main\AndroidManifest.xml:31:13-48
43            android:screenOrientation="portrait" />
43-->src\main\AndroidManifest.xml:32:13-49
44        <activity
44-->src\main\AndroidManifest.xml:34:9-37:56
45            android:name="com.example.mydairy.emaillogin.EmailRegisterActivity"
45-->src\main\AndroidManifest.xml:35:13-61
46            android:screenOrientation="portrait" />
46-->src\main\AndroidManifest.xml:36:13-49
47        <activity
47-->src\main\AndroidManifest.xml:38:9-41:56
48            android:name="com.example.mydairy.emaillogin.EmailLoginActivity"
48-->src\main\AndroidManifest.xml:39:13-58
49            android:screenOrientation="portrait" />
49-->src\main\AndroidManifest.xml:40:13-49
50        <activity
50-->src\main\AndroidManifest.xml:42:9-45:56
51            android:name="com.example.mydairy.phonelogin.PhoneOTPActivity"
51-->src\main\AndroidManifest.xml:43:13-56
52            android:screenOrientation="portrait" />
52-->src\main\AndroidManifest.xml:44:13-49
53        <activity
53-->src\main\AndroidManifest.xml:46:9-49:56
54            android:name="com.example.mydairy.phonelogin.PhoneLoginActivity"
54-->src\main\AndroidManifest.xml:47:13-58
55            android:screenOrientation="portrait" />
55-->src\main\AndroidManifest.xml:48:13-49
56        <activity
56-->src\main\AndroidManifest.xml:50:9-59:20
57            android:name="com.example.mydairy.splash.SplashActivity"
57-->src\main\AndroidManifest.xml:51:13-50
58            android:screenOrientation="portrait" >
58-->src\main\AndroidManifest.xml:52:13-49
59            <intent-filter>
59-->src\main\AndroidManifest.xml:54:13-58:29
60                <action android:name="android.intent.action.MAIN" />
60-->src\main\AndroidManifest.xml:55:17-69
60-->src\main\AndroidManifest.xml:55:25-66
61
62                <category android:name="android.intent.category.LAUNCHER" />
62-->src\main\AndroidManifest.xml:57:17-77
62-->src\main\AndroidManifest.xml:57:27-74
63            </intent-filter>
64        </activity>
65        <activity
65-->src\main\AndroidManifest.xml:60:9-63:56
66            android:name="com.example.mydairy.MainActivity"
66-->src\main\AndroidManifest.xml:61:13-41
67            android:screenOrientation="portrait" />
67-->src\main\AndroidManifest.xml:62:13-49
68        <activity
68-->src\main\AndroidManifest.xml:64:9-67:56
69            android:name="com.example.mydairy.specific.GraphFat"
69-->src\main\AndroidManifest.xml:65:13-46
70            android:screenOrientation="portrait" />
70-->src\main\AndroidManifest.xml:66:13-49
71        <activity
71-->[com.google.firebase:firebase-auth:21.0.1] AndroidManifest.xml:27:9-44:20
72            android:name="com.google.firebase.auth.internal.GenericIdpActivity"
72-->[com.google.firebase:firebase-auth:21.0.1] AndroidManifest.xml:28:13-80
73            android:excludeFromRecents="true"
73-->[com.google.firebase:firebase-auth:21.0.1] AndroidManifest.xml:29:13-46
74            android:exported="true"
74-->[com.google.firebase:firebase-auth:21.0.1] AndroidManifest.xml:30:13-36
75            android:launchMode="singleTask"
75-->[com.google.firebase:firebase-auth:21.0.1] AndroidManifest.xml:31:13-44
76            android:theme="@android:style/Theme.Translucent.NoTitleBar" >
76-->[com.google.firebase:firebase-auth:21.0.1] AndroidManifest.xml:32:13-72
77            <intent-filter>
77-->[com.google.firebase:firebase-auth:21.0.1] AndroidManifest.xml:33:13-43:29
78                <action android:name="android.intent.action.VIEW" />
78-->[com.google.firebase:firebase-auth:21.0.1] AndroidManifest.xml:34:17-69
78-->[com.google.firebase:firebase-auth:21.0.1] AndroidManifest.xml:34:25-66
79
80                <category android:name="android.intent.category.DEFAULT" />
80-->[com.google.firebase:firebase-auth:21.0.1] AndroidManifest.xml:36:17-76
80-->[com.google.firebase:firebase-auth:21.0.1] AndroidManifest.xml:36:27-73
81                <category android:name="android.intent.category.BROWSABLE" />
81-->[com.google.firebase:firebase-auth:21.0.1] AndroidManifest.xml:37:17-78
81-->[com.google.firebase:firebase-auth:21.0.1] AndroidManifest.xml:37:27-75
82
83                <data
83-->[com.google.firebase:firebase-auth:21.0.1] AndroidManifest.xml:39:17-42:51
84                    android:host="firebase.auth"
84-->[com.google.firebase:firebase-auth:21.0.1] AndroidManifest.xml:40:21-49
85                    android:path="/"
85-->[com.google.firebase:firebase-auth:21.0.1] AndroidManifest.xml:41:21-37
86                    android:scheme="genericidp" />
86-->[com.google.firebase:firebase-auth:21.0.1] AndroidManifest.xml:42:21-48
87            </intent-filter>
88        </activity>
89        <activity
89-->[com.google.firebase:firebase-auth:21.0.1] AndroidManifest.xml:45:9-62:20
90            android:name="com.google.firebase.auth.internal.RecaptchaActivity"
90-->[com.google.firebase:firebase-auth:21.0.1] AndroidManifest.xml:46:13-79
91            android:excludeFromRecents="true"
91-->[com.google.firebase:firebase-auth:21.0.1] AndroidManifest.xml:47:13-46
92            android:exported="true"
92-->[com.google.firebase:firebase-auth:21.0.1] AndroidManifest.xml:48:13-36
93            android:launchMode="singleTask"
93-->[com.google.firebase:firebase-auth:21.0.1] AndroidManifest.xml:49:13-44
94            android:theme="@android:style/Theme.Translucent.NoTitleBar" >
94-->[com.google.firebase:firebase-auth:21.0.1] AndroidManifest.xml:50:13-72
95            <intent-filter>
95-->[com.google.firebase:firebase-auth:21.0.1] AndroidManifest.xml:51:13-61:29
96                <action android:name="android.intent.action.VIEW" />
96-->[com.google.firebase:firebase-auth:21.0.1] AndroidManifest.xml:34:17-69
96-->[com.google.firebase:firebase-auth:21.0.1] AndroidManifest.xml:34:25-66
97
98                <category android:name="android.intent.category.DEFAULT" />
98-->[com.google.firebase:firebase-auth:21.0.1] AndroidManifest.xml:36:17-76
98-->[com.google.firebase:firebase-auth:21.0.1] AndroidManifest.xml:36:27-73
99                <category android:name="android.intent.category.BROWSABLE" />
99-->[com.google.firebase:firebase-auth:21.0.1] AndroidManifest.xml:37:17-78
99-->[com.google.firebase:firebase-auth:21.0.1] AndroidManifest.xml:37:27-75
100
101                <data
101-->[com.google.firebase:firebase-auth:21.0.1] AndroidManifest.xml:39:17-42:51
102                    android:host="firebase.auth"
102-->[com.google.firebase:firebase-auth:21.0.1] AndroidManifest.xml:40:21-49
103                    android:path="/"
103-->[com.google.firebase:firebase-auth:21.0.1] AndroidManifest.xml:41:21-37
104                    android:scheme="recaptcha" />
104-->[com.google.firebase:firebase-auth:21.0.1] AndroidManifest.xml:42:21-48
105            </intent-filter>
106        </activity>
107
108        <service
108-->[com.google.firebase:firebase-auth:21.0.1] AndroidManifest.xml:64:9-73:19
109            android:name="com.google.firebase.auth.api.fallback.service.FirebaseAuthFallbackService"
109-->[com.google.firebase:firebase-auth:21.0.1] AndroidManifest.xml:65:13-101
110            android:enabled="true"
110-->[com.google.firebase:firebase-auth:21.0.1] AndroidManifest.xml:66:13-35
111            android:exported="false" >
111-->[com.google.firebase:firebase-auth:21.0.1] AndroidManifest.xml:67:13-37
112            <intent-filter>
112-->[com.google.firebase:firebase-auth:21.0.1] AndroidManifest.xml:68:13-72:29
113                <action android:name="com.google.firebase.auth.api.gms.service.START" />
113-->[com.google.firebase:firebase-auth:21.0.1] AndroidManifest.xml:69:17-89
113-->[com.google.firebase:firebase-auth:21.0.1] AndroidManifest.xml:69:25-86
114
115                <category android:name="android.intent.category.DEFAULT" />
115-->[com.google.firebase:firebase-auth:21.0.1] AndroidManifest.xml:36:17-76
115-->[com.google.firebase:firebase-auth:21.0.1] AndroidManifest.xml:36:27-73
116            </intent-filter>
117        </service>
118        <service
118-->[com.google.firebase:firebase-auth:21.0.1] AndroidManifest.xml:74:9-80:19
119            android:name="com.google.firebase.components.ComponentDiscoveryService"
119-->[com.google.firebase:firebase-auth:21.0.1] AndroidManifest.xml:75:13-84
120            android:directBootAware="true"
120-->[com.google.firebase:firebase-common:20.0.0] AndroidManifest.xml:35:13-43
121            android:exported="false" >
121-->[com.google.firebase:firebase-auth:21.0.1] AndroidManifest.xml:76:13-37
122            <meta-data
122-->[com.google.firebase:firebase-auth:21.0.1] AndroidManifest.xml:77:13-79:85
123                android:name="com.google.firebase.components:com.google.firebase.auth.FirebaseAuthRegistrar"
123-->[com.google.firebase:firebase-auth:21.0.1] AndroidManifest.xml:78:17-109
124                android:value="com.google.firebase.components.ComponentRegistrar" />
124-->[com.google.firebase:firebase-auth:21.0.1] AndroidManifest.xml:79:17-82
125            <meta-data
125-->[com.google.firebase:firebase-database:20.0.0] AndroidManifest.xml:32:13-34:85
126                android:name="com.google.firebase.components:com.google.firebase.database.DatabaseRegistrar"
126-->[com.google.firebase:firebase-database:20.0.0] AndroidManifest.xml:33:17-109
127                android:value="com.google.firebase.components.ComponentRegistrar" />
127-->[com.google.firebase:firebase-database:20.0.0] AndroidManifest.xml:34:17-82
128            <meta-data
128-->[com.google.android.gms:play-services-measurement-api:19.0.0] AndroidManifest.xml:30:13-32:85
129                android:name="com.google.firebase.components:com.google.firebase.analytics.connector.internal.AnalyticsConnectorRegistrar"
129-->[com.google.android.gms:play-services-measurement-api:19.0.0] AndroidManifest.xml:31:17-139
130                android:value="com.google.firebase.components.ComponentRegistrar" />
130-->[com.google.android.gms:play-services-measurement-api:19.0.0] AndroidManifest.xml:32:17-82
131            <meta-data
131-->[com.google.firebase:firebase-installations:17.0.0] AndroidManifest.xml:18:13-20:85
132                android:name="com.google.firebase.components:com.google.firebase.installations.FirebaseInstallationsRegistrar"
132-->[com.google.firebase:firebase-installations:17.0.0] AndroidManifest.xml:19:17-127
133                android:value="com.google.firebase.components.ComponentRegistrar" />
133-->[com.google.firebase:firebase-installations:17.0.0] AndroidManifest.xml:20:17-82
134        </service>
135
136        <activity
136-->[com.google.android.gms:play-services-auth:19.0.0] AndroidManifest.xml:23:9-27:75
137            android:name="com.google.android.gms.auth.api.signin.internal.SignInHubActivity"
137-->[com.google.android.gms:play-services-auth:19.0.0] AndroidManifest.xml:24:13-93
138            android:excludeFromRecents="true"
138-->[com.google.android.gms:play-services-auth:19.0.0] AndroidManifest.xml:25:13-46
139            android:exported="false"
139-->[com.google.android.gms:play-services-auth:19.0.0] AndroidManifest.xml:26:13-37
140            android:theme="@android:style/Theme.Translucent.NoTitleBar" />
140-->[com.google.android.gms:play-services-auth:19.0.0] AndroidManifest.xml:27:13-72
141        <!--
142            Service handling Google Sign-In user revocation. For apps that do not integrate with
143            Google Sign-In, this service will never be started.
144        -->
145        <service
145-->[com.google.android.gms:play-services-auth:19.0.0] AndroidManifest.xml:33:9-37:51
146            android:name="com.google.android.gms.auth.api.signin.RevocationBoundService"
146-->[com.google.android.gms:play-services-auth:19.0.0] AndroidManifest.xml:34:13-89
147            android:exported="true"
147-->[com.google.android.gms:play-services-auth:19.0.0] AndroidManifest.xml:35:13-36
148            android:permission="com.google.android.gms.auth.api.signin.permission.REVOCATION_NOTIFICATION"
148-->[com.google.android.gms:play-services-auth:19.0.0] AndroidManifest.xml:36:13-107
149            android:visibleToInstantApps="true" />
149-->[com.google.android.gms:play-services-auth:19.0.0] AndroidManifest.xml:37:13-48
150
151        <provider
151-->[com.google.firebase:firebase-common:20.0.0] AndroidManifest.xml:26:9-31:39
152            android:name="com.google.firebase.provider.FirebaseInitProvider"
152-->[com.google.firebase:firebase-common:20.0.0] AndroidManifest.xml:27:13-77
153            android:authorities="com.example.mydairy.firebaseinitprovider"
153-->[com.google.firebase:firebase-common:20.0.0] AndroidManifest.xml:28:13-72
154            android:directBootAware="true"
154-->[com.google.firebase:firebase-common:20.0.0] AndroidManifest.xml:29:13-43
155            android:exported="false"
155-->[com.google.firebase:firebase-common:20.0.0] AndroidManifest.xml:30:13-37
156            android:initOrder="100" />
156-->[com.google.firebase:firebase-common:20.0.0] AndroidManifest.xml:31:13-36
157
158        <activity
158-->[com.google.android.gms:play-services-base:17.1.0] AndroidManifest.xml:23:9-26:75
159            android:name="com.google.android.gms.common.api.GoogleApiActivity"
159-->[com.google.android.gms:play-services-base:17.1.0] AndroidManifest.xml:24:13-79
160            android:exported="false"
160-->[com.google.android.gms:play-services-base:17.1.0] AndroidManifest.xml:25:13-37
161            android:theme="@android:style/Theme.Translucent.NoTitleBar" />
161-->[com.google.android.gms:play-services-base:17.1.0] AndroidManifest.xml:26:13-72
162
163        <receiver
163-->[com.google.android.gms:play-services-measurement:19.0.0] AndroidManifest.xml:29:9-33:20
164            android:name="com.google.android.gms.measurement.AppMeasurementReceiver"
164-->[com.google.android.gms:play-services-measurement:19.0.0] AndroidManifest.xml:30:13-85
165            android:enabled="true"
165-->[com.google.android.gms:play-services-measurement:19.0.0] AndroidManifest.xml:31:13-35
166            android:exported="false" >
166-->[com.google.android.gms:play-services-measurement:19.0.0] AndroidManifest.xml:32:13-37
167        </receiver>
168
169        <service
169-->[com.google.android.gms:play-services-measurement:19.0.0] AndroidManifest.xml:35:9-38:40
170            android:name="com.google.android.gms.measurement.AppMeasurementService"
170-->[com.google.android.gms:play-services-measurement:19.0.0] AndroidManifest.xml:36:13-84
171            android:enabled="true"
171-->[com.google.android.gms:play-services-measurement:19.0.0] AndroidManifest.xml:37:13-35
172            android:exported="false" />
172-->[com.google.android.gms:play-services-measurement:19.0.0] AndroidManifest.xml:38:13-37
173        <service
173-->[com.google.android.gms:play-services-measurement:19.0.0] AndroidManifest.xml:39:9-43:72
174            android:name="com.google.android.gms.measurement.AppMeasurementJobService"
174-->[com.google.android.gms:play-services-measurement:19.0.0] AndroidManifest.xml:40:13-87
175            android:enabled="true"
175-->[com.google.android.gms:play-services-measurement:19.0.0] AndroidManifest.xml:41:13-35
176            android:exported="false"
176-->[com.google.android.gms:play-services-measurement:19.0.0] AndroidManifest.xml:42:13-37
177            android:permission="android.permission.BIND_JOB_SERVICE" />
177-->[com.google.android.gms:play-services-measurement:19.0.0] AndroidManifest.xml:43:13-69
178
179        <meta-data
179-->[com.google.android.gms:play-services-basement:17.1.1] AndroidManifest.xml:23:9-25:69
180            android:name="com.google.android.gms.version"
180-->[com.google.android.gms:play-services-basement:17.1.1] AndroidManifest.xml:24:13-58
181            android:value="@integer/google_play_services_version" />
181-->[com.google.android.gms:play-services-basement:17.1.1] AndroidManifest.xml:25:13-66
182    </application>
183
184</manifest>